sample.interval=20000
"Rprof" 
"matrix" "powers4" 
"matrix" "powers4" 
"matrix" "powers4" 
"matrix" "powers4" 
"matrix" "powers4" 
"matrix" "powers4" 
"matrix" "powers4" 
"matrix" "powers4" 
"matrix" "powers4" 
"matrix" "powers4" 
"matrix" "powers4" 
"matrix" "powers4" 
"matrix" "powers4" 
"aperm.default" "aperm" "apply" "t" "powers4" 
"aperm.default" "aperm" "apply" "t" "powers4" 
"aperm.default" "aperm" "apply" "t" "powers4" 
"aperm.default" "aperm" "apply" "t" "powers4" 
"aperm.default" "aperm" "apply" "t" "powers4" 
"aperm.default" "aperm" "apply" "t" "powers4" 
"apply" "t" "powers4" 
"apply" "t" "powers4" 
"apply" "t" "powers4" 
"apply" "t" "powers4" 
"apply" "t" "powers4" 
"apply" "t" "powers4" 
"apply" "t" "powers4" 
"apply" "t" "powers4" 
"apply" "t" "powers4" 
"apply" "t" "powers4" 
"apply" "t" "powers4" 
"apply" "t" "powers4" 
"apply" "t" "powers4" 
"apply" "t" "powers4" 
"apply" "t" "powers4" 
"apply" "t" "powers4" 
"apply" "t" "powers4" 
"apply" "t" "powers4" 
"apply" "t" "powers4" 
"apply" "t" "powers4" 
"apply" "t" "powers4" 
"apply" "t" "powers4" 
"apply" "t" "powers4" 
"apply" "t" "powers4" 
"apply" "t" "powers4" 
"apply" "t" "powers4" 
"apply" "t" "powers4" 
"apply" "t" "powers4" 
"apply" "t" "powers4" 
"apply" "t" "powers4" 
"apply" "t" "powers4" 
"apply" "t" "powers4" 
"apply" "t" "powers4" 
"apply" "t" "powers4" 
"apply" "t" "powers4" 
"apply" "t" "powers4" 
"apply" "t" "powers4" 
"apply" "t" "powers4" 
"apply" "t" "powers4" 
"apply" "t" "powers4" 
"apply" "t" "powers4" 
"apply" "t" "powers4" 
"apply" "t" "powers4" 
"apply" "t" "powers4" 
"apply" "t" "powers4" 
"apply" "t" "powers4" 
"apply" "t" "powers4" 
"apply" "t" "powers4" 
"apply" "t" "powers4" 
"apply" "t" "powers4" 
"apply" "t" "powers4" 
"apply" "t" "powers4" 
"apply" "t" "powers4" 
"apply" "t" "powers4" 
"apply" "t" "powers4" 
"apply" "t" "powers4" 
"apply" "t" "powers4" 
"apply" "t" "powers4" 
"apply" "t" "powers4" 
"apply" "t" "powers4" 
"apply" "t" "powers4" 
"apply" "t" "powers4" 
"apply" "t" "powers4" 
"apply" "t" "powers4" 
"apply" "t" "powers4" 
"apply" "t" "powers4" 
"apply" "t" "powers4" 
"apply" "t" "powers4" 
"apply" "t" "powers4" 
"apply" "t" "powers4" 
"apply" "t" "powers4" 
"apply" "t" "powers4" 
"apply" "t" "powers4" 
"apply" "t" "powers4" 
"apply" "t" "powers4" 
"apply" "t" "powers4" 
"apply" "t" "powers4" 
"apply" "t" "powers4" 
"apply" "t" "powers4" 
"apply" "t" "powers4" 
"apply" "t" "powers4" 
"apply" "t" "powers4" 
"apply" "t" "powers4" 
"apply" "t" "powers4" 
"apply" "t" "powers4" 
"apply" "t" "powers4" 
"apply" "t" "powers4" 
"apply" "t" "powers4" 
"apply" "t" "powers4" 
"apply" "t" "powers4" 
"apply" "t" "powers4" 
"apply" "t" "powers4" 
"apply" "t" "powers4" 
"apply" "t" "powers4" 
"apply" "t" "powers4" 
"apply" "t" "powers4" 
"apply" "t" "powers4" 
"apply" "t" "powers4" 
"apply" "t" "powers4" 
"apply" "t" "powers4" 
"apply" "t" "powers4" 
"apply" "t" "powers4" 
"apply" "t" "powers4" 
"apply" "t" "powers4" 
"apply" "t" "powers4" 
"apply" "t" "powers4" 
"apply" "t" "powers4" 
"apply" "t" "powers4" 
"apply" "t" "powers4" 
"apply" "t" "powers4" 
"apply" "t" "powers4" 
"apply" "t" "powers4" 
"apply" "t" "powers4" 
"apply" "t" "powers4" 
"apply" "t" "powers4" 
"apply" "t" "powers4" 
"apply" "t" "powers4" 
"apply" "t" "powers4" 
"apply" "t" "powers4" 
"apply" "t" "powers4" 
"apply" "t" "powers4" 
"apply" "t" "powers4" 
"apply" "t" "powers4" 
"apply" "t" "powers4" 
"apply" "t" "powers4" 
"apply" "t" "powers4" 
"apply" "t" "powers4" 
"apply" "t" "powers4" 
"apply" "t" "powers4" 
"apply" "t" "powers4" 
"apply" "t" "powers4" 
"apply" "t" "powers4" 
"apply" "t" "powers4" 
"apply" "t" "powers4" 
"apply" "t" "powers4" 
"apply" "t" "powers4" 
"apply" "t" "powers4" 
"apply" "t" "powers4" 
"apply" "t" "powers4" 
"apply" "t" "powers4" 
"apply" "t" "powers4" 
"FUN" "lapply" "unlist" "apply" "t" "powers4" 
"lapply" "unlist" "apply" "t" "powers4" 
"lapply" "unlist" "apply" "t" "powers4" 
"lapply" "unlist" "apply" "t" "powers4" 
"lapply" "unlist" "apply" "t" "powers4" 
"FUN" "lapply" "unlist" "apply" "t" "powers4" 
"lapply" "unlist" "apply" "t" "powers4" 
"lapply" "unlist" "apply" "t" "powers4" 
"lapply" "unlist" "apply" "t" "powers4" 
"lapply" "unlist" "apply" "t" "powers4" 
"lapply" "unlist" "apply" "t" "powers4" 
"lapply" "unlist" "apply" "t" "powers4" 
"lapply" "unlist" "apply" "t" "powers4" 
"lapply" "unlist" "apply" "t" "powers4" 
"lapply" "unlist" "apply" "t" "powers4" 
"lapply" "unlist" "apply" "t" "powers4" 
"lapply" "unlist" "apply" "t" "powers4" 
"lapply" "unlist" "apply" "t" "powers4" 
"lapply" "unlist" "apply" "t" "powers4" 
"lapply" "unlist" "apply" "t" "powers4" 
"lapply" "unlist" "apply" "t" "powers4" 
"lapply" "unlist" "apply" "t" "powers4" 
"lapply" "unlist" "apply" "t" "powers4" 
"lapply" "unlist" "apply" "t" "powers4" 
"lapply" "unlist" "apply" "t" "powers4" 
"lapply" "unlist" "apply" "t" "powers4" 
"lapply" "unlist" "apply" "t" "powers4" 
"lapply" "unlist" "apply" "t" "powers4" 
"lapply" "unlist" "apply" "t" "powers4" 
"lapply" "unlist" "apply" "t" "powers4" 
"lapply" "unlist" "apply" "t" "powers4" 
"lapply" "unlist" "apply" "t" "powers4" 
"lapply" "unlist" "apply" "t" "powers4" 
"lapply" "unlist" "apply" "t" "powers4" 
"lapply" "unlist" "apply" "t" "powers4" 
"lapply" "unlist" "apply" "t" "powers4" 
"lapply" "unlist" "apply" "t" "powers4" 
"lapply" "unlist" "apply" "t" "powers4" 
"lapply" "unlist" "apply" "t" "powers4" 
"lapply" "unlist" "apply" "t" "powers4" 
"lapply" "unlist" "apply" "t" "powers4" 
"lapply" "unlist" "apply" "t" "powers4" 
"lapply" "unlist" "apply" "t" "powers4" 
"lapply" "unlist" "apply" "t" "powers4" 
"lapply" "unlist" "apply" "t" "powers4" 
"lapply" "unlist" "apply" "t" "powers4" 
"lapply" "unlist" "apply" "t" "powers4" 
"lapply" "unlist" "apply" "t" "powers4" 
"lapply" "unlist" "apply" "t" "powers4" 
"lapply" "unlist" "apply" "t" "powers4" 
"lapply" "unlist" "apply" "t" "powers4" 
"lapply" "unlist" "apply" "t" "powers4" 
"lapply" "unlist" "apply" "t" "powers4" 
"lapply" "unlist" "apply" "t" "powers4" 
"lapply" "unlist" "apply" "t" "powers4" 
"lapply" "unlist" "apply" "t" "powers4" 
"lapply" "unlist" "apply" "t" "powers4" 
"lapply" "unlist" "apply" "t" "powers4" 
"lapply" "unlist" "apply" "t" "powers4" 
"lapply" "unlist" "apply" "t" "powers4" 
"lapply" "unlist" "apply" "t" "powers4" 
"lapply" "unlist" "apply" "t" "powers4" 
"lapply" "unlist" "apply" "t" "powers4" 
"lapply" "unlist" "apply" "t" "powers4" 
"lapply" "unlist" "apply" "t" "powers4" 
"lapply" "unlist" "apply" "t" "powers4" 
"lapply" "unlist" "apply" "t" "powers4" 
"lapply" "unlist" "apply" "t" "powers4" 
"lapply" "unlist" "apply" "t" "powers4" 
"lapply" "unlist" "apply" "t" "powers4" 
"lapply" "unlist" "apply" "t" "powers4" 
"lapply" "unlist" "apply" "t" "powers4" 
"lapply" "unlist" "apply" "t" "powers4" 
"lapply" "unlist" "apply" "t" "powers4" 
"lapply" "unlist" "apply" "t" "powers4" 
"lapply" "unlist" "apply" "t" "powers4" 
"lapply" "unlist" "apply" "t" "powers4" 
"lapply" "unlist" "apply" "t" "powers4" 
"lapply" "unlist" "apply" "t" "powers4" 
"lapply" "unlist" "apply" "t" "powers4" 
"lapply" "unlist" "apply" "t" "powers4" 
"lapply" "unlist" "apply" "t" "powers4" 
"lapply" "unlist" "apply" "t" "powers4" 
"lapply" "unlist" "apply" "t" "powers4" 
"FUN" "lapply" "unlist" "apply" "t" "powers4" 
"lapply" "unlist" "apply" "t" "powers4" 
"lapply" "unlist" "apply" "t" "powers4" 
"lapply" "unlist" "apply" "t" "powers4" 
"lapply" "unlist" "apply" "t" "powers4" 
"lapply" "unlist" "apply" "t" "powers4" 
"lapply" "unlist" "apply" "t" "powers4" 
"lapply" "unlist" "apply" "t" "powers4" 
"lapply" "unlist" "apply" "t" "powers4" 
"lapply" "unlist" "apply" "t" "powers4" 
"lapply" "unlist" "apply" "t" "powers4" 
"lapply" "unlist" "apply" "t" "powers4" 
"lapply" "unlist" "apply" "t" "powers4" 
"lapply" "unlist" "apply" "t" "powers4" 
"lapply" "unlist" "apply" "t" "powers4" 
"lapply" "unlist" "apply" "t" "powers4" 
"lapply" "unlist" "apply" "t" "powers4" 
"lapply" "unlist" "apply" "t" "powers4" 
"lapply" "unlist" "apply" "t" "powers4" 
"lapply" "unlist" "apply" "t" "powers4" 
"lapply" "unlist" "apply" "t" "powers4" 
"lapply" "unlist" "apply" "t" "powers4" 
"lapply" "unlist" "apply" "t" "powers4" 
"lapply" "unlist" "apply" "t" "powers4" 
"lapply" "unlist" "apply" "t" "powers4" 
"lapply" "unlist" "apply" "t" "powers4" 
"lapply" "unlist" "apply" "t" "powers4" 
"lapply" "unlist" "apply" "t" "powers4" 
"lapply" "unlist" "apply" "t" "powers4" 
"FUN" "lapply" "unlist" "apply" "t" "powers4" 
"FUN" "lapply" "unlist" "apply" "t" "powers4" 
"unlist" "apply" "t" "powers4" 
"unlist" "apply" "t" "powers4" 
"unlist" "apply" "t" "powers4" 
"unlist" "apply" "t" "powers4" 
"unlist" "apply" "t" "powers4" 
"unlist" "apply" "t" "powers4" 
"unlist" "apply" "t" "powers4" 
"unlist" "apply" "t" "powers4" 
"unlist" "apply" "t" "powers4" 
"unlist" "apply" "t" "powers4" 
"unlist" "apply" "t" "powers4" 
"unlist" "apply" "t" "powers4" 
"unlist" "apply" "t" "powers4" 
"array" "apply" "t" "powers4" 
"array" "apply" "t" "powers4" 
"array" "apply" "t" "powers4" 
"array" "apply" "t" "powers4" 
"array" "apply" "t" "powers4" 
"array" "apply" "t" "powers4" 
"array" "apply" "t" "powers4" 
"array" "apply" "t" "powers4" 
"array" "apply" "t" "powers4" 
"array" "apply" "t" "powers4" 
"array" "apply" "t" "powers4" 
"array" "apply" "t" "powers4" 
"array" "apply" "t" "powers4" 
"array" "apply" "t" "powers4" 
"array" "apply" "t" "powers4" 
"t.default" "t" "powers4" 
"t.default" "t" "powers4" 
"t.default" "t" "powers4" 
"t.default" "t" "powers4" 
"t.default" "t" "powers4" 
"t.default" "t" "powers4" 
"t.default" "t" "powers4" 
